<?xml version="1.0" encoding="UTF-8"?>
<coverage generated="1686618032231" clover="3.2.0">
  <project timestamp="1686618032231" name="All files">
    <metrics statements="157" coveredstatements="146" conditionals="77" coveredconditionals="62" methods="32" coveredmethods="31" elements="266" coveredelements="239" complexity="0" loc="157" ncloc="157" packages="7" files="12" classes="12"/>
    <package name="src">
      <metrics statements="36" coveredstatements="29" conditionals="10" coveredconditionals="2" methods="4" coveredmethods="3"/>
      <file name="app.js" path="E:\Seneca Courses\Semester 6\CCP\fragmnets\src\app.js">
        <metrics statements="28" coveredstatements="22" conditionals="6" coveredconditionals="0" methods="2" coveredmethods="1"/>
        <line num="3" count="3" type="stmt"/>
        <line num="4" count="3" type="stmt"/>
        <line num="5" count="3" type="stmt"/>
        <line num="6" count="3" type="stmt"/>
        <line num="7" count="3" type="stmt"/>
        <line num="8" count="3" type="stmt"/>
        <line num="13" count="3" type="stmt"/>
        <line num="15" count="3" type="stmt"/>
        <line num="16" count="3" type="stmt"/>
        <line num="22" count="3" type="stmt"/>
        <line num="25" count="3" type="stmt"/>
        <line num="28" count="3" type="stmt"/>
        <line num="31" count="3" type="stmt"/>
        <line num="34" count="3" type="stmt"/>
        <line num="37" count="3" type="stmt"/>
        <line num="40" count="3" type="stmt"/>
        <line num="41" count="3" type="stmt"/>
        <line num="44" count="3" type="stmt"/>
        <line num="47" count="3" type="stmt"/>
        <line num="48" count="1" type="stmt"/>
        <line num="59" count="3" type="stmt"/>
        <line num="62" count="0" type="cond" truecount="0" falsecount="2"/>
        <line num="63" count="0" type="cond" truecount="0" falsecount="2"/>
        <line num="66" count="0" type="cond" truecount="0" falsecount="2"/>
        <line num="67" count="0" type="stmt"/>
        <line num="69" count="0" type="stmt"/>
        <line num="75" count="0" type="stmt"/>
        <line num="79" count="3" type="stmt"/>
      </file>
      <file name="logger.js" path="E:\Seneca Courses\Semester 6\CCP\fragmnets\src\logger.js">
        <metrics statements="4" coveredstatements="3" conditionals="4" coveredconditionals="2" methods="0" coveredmethods="0"/>
        <line num="4" count="3" type="cond" truecount="1" falsecount="1"/>
        <line num="7" count="3" type="cond" truecount="1" falsecount="1"/>
        <line num="9" count="0" type="stmt"/>
        <line num="19" count="3" type="stmt"/>
      </file>
      <file name="response.js" path="E:\Seneca Courses\Semester 6\CCP\fragmnets\src\response.js">
        <metrics statements="4" coveredstatements="4" conditionals="0" coveredconditionals="0" methods="2" coveredmethods="2"/>
        <line num="11" count="4" type="stmt"/>
        <line num="12" count="7" type="stmt"/>
        <line num="31" count="4" type="stmt"/>
        <line num="32" count="1" type="stmt"/>
      </file>
    </package>
    <package name="src.auth">
      <metrics statements="13" coveredstatements="10" conditionals="10" coveredconditionals="6" methods="2" coveredmethods="2"/>
      <file name="basic-auth.js" path="E:\Seneca Courses\Semester 6\CCP\fragmnets\src\auth\basic-auth.js">
        <metrics statements="8" coveredstatements="7" conditionals="2" coveredconditionals="1" methods="2" coveredmethods="2"/>
        <line num="6" count="3" type="stmt"/>
        <line num="7" count="3" type="stmt"/>
        <line num="8" count="3" type="stmt"/>
        <line num="11" count="3" type="cond" truecount="1" falsecount="1"/>
        <line num="12" count="0" type="stmt"/>
        <line num="15" count="3" type="stmt"/>
        <line num="18" count="3" type="stmt"/>
        <line num="24" count="3" type="stmt"/>
      </file>
      <file name="index.js" path="E:\Seneca Courses\Semester 6\CCP\fragmnets\src\auth\index.js">
        <metrics statements="5" coveredstatements="3" conditionals="8" coveredconditionals="5" methods="0" coveredmethods="0"/>
        <line num="4" count="3" type="cond" truecount="2" falsecount="2"/>
        <line num="5" count="0" type="stmt"/>
        <line num="8" count="3" type="cond" truecount="3" falsecount="1"/>
        <line num="9" count="3" type="stmt"/>
        <line num="13" count="0" type="stmt"/>
      </file>
    </package>
    <package name="src.model">
      <metrics statements="44" coveredstatements="43" conditionals="30" coveredconditionals="27" methods="11" coveredmethods="11"/>
      <file name="fragment.js" path="E:\Seneca Courses\Semester 6\CCP\fragmnets\src\model\fragment.js">
        <metrics statements="44" coveredstatements="43" conditionals="30" coveredconditionals="27" methods="11" coveredmethods="11"/>
        <line num="3" count="1" type="stmt"/>
        <line num="5" count="1" type="stmt"/>
        <line num="15" count="1" type="stmt"/>
        <line num="19" count="27" type="cond" truecount="2" falsecount="0"/>
        <line num="20" count="2" type="stmt"/>
        <line num="22" count="25" type="cond" truecount="2" falsecount="0"/>
        <line num="23" count="1" type="stmt"/>
        <line num="25" count="24" type="cond" truecount="2" falsecount="0"/>
        <line num="26" count="1" type="stmt"/>
        <line num="28" count="23" type="cond" truecount="2" falsecount="0"/>
        <line num="29" count="1" type="stmt"/>
        <line num="31" count="22" type="cond" truecount="4" falsecount="0"/>
        <line num="32" count="1" type="stmt"/>
        <line num="34" count="21" type="cond" truecount="2" falsecount="0"/>
        <line num="35" count="21" type="stmt"/>
        <line num="36" count="21" type="cond" truecount="1" falsecount="1"/>
        <line num="37" count="21" type="cond" truecount="1" falsecount="1"/>
        <line num="38" count="21" type="stmt"/>
        <line num="39" count="21" type="stmt"/>
        <line num="49" count="3" type="stmt"/>
        <line num="59" count="5" type="stmt"/>
        <line num="60" count="5" type="cond" truecount="2" falsecount="0"/>
        <line num="61" count="1" type="stmt"/>
        <line num="63" count="4" type="stmt"/>
        <line num="73" count="1" type="stmt"/>
        <line num="81" count="7" type="stmt"/>
        <line num="82" count="7" type="stmt"/>
        <line num="90" count="1" type="stmt"/>
        <line num="99" count="8" type="cond" truecount="2" falsecount="0"/>
        <line num="100" count="1" type="stmt"/>
        <line num="102" count="7" type="stmt"/>
        <line num="104" count="7" type="stmt"/>
        <line num="105" count="7" type="stmt"/>
        <line num="114" count="4" type="stmt"/>
        <line num="115" count="4" type="stmt"/>
        <line num="123" count="2" type="stmt"/>
        <line num="124" count="2" type="stmt"/>
        <line num="132" count="1" type="cond" truecount="1" falsecount="1"/>
        <line num="133" count="1" type="stmt"/>
        <line num="135" count="0" type="stmt"/>
        <line num="144" count="7" type="cond" truecount="4" falsecount="0"/>
        <line num="145" count="4" type="stmt"/>
        <line num="147" count="3" type="stmt"/>
        <line num="151" count="1" type="stmt"/>
      </file>
    </package>
    <package name="src.model.data">
      <metrics statements="1" coveredstatements="1" conditionals="0" coveredconditionals="0" methods="0" coveredmethods="0"/>
      <file name="index.js" path="E:\Seneca Courses\Semester 6\CCP\fragmnets\src\model\data\index.js">
        <metrics statements="1" coveredstatements="1" conditionals="0" coveredconditionals="0" methods="0" coveredmethods="0"/>
        <line num="1" count="1" type="stmt"/>
      </file>
    </package>
    <package name="src.model.data.memory">
      <metrics statements="44" coveredstatements="44" conditionals="27" coveredconditionals="27" methods="13" coveredmethods="13"/>
      <file name="index.js" path="E:\Seneca Courses\Semester 6\CCP\fragmnets\src\model\data\memory\index.js">
        <metrics statements="18" coveredstatements="18" conditionals="5" coveredconditionals="5" methods="7" coveredmethods="7"/>
        <line num="1" count="2" type="stmt"/>
        <line num="4" count="2" type="stmt"/>
        <line num="5" count="2" type="stmt"/>
        <line num="9" count="9" type="stmt"/>
        <line num="14" count="6" type="stmt"/>
        <line num="19" count="9" type="stmt"/>
        <line num="24" count="2" type="stmt"/>
        <line num="29" count="4" type="stmt"/>
        <line num="32" count="4" type="cond" truecount="4" falsecount="0"/>
        <line num="33" count="1" type="stmt"/>
        <line num="37" count="3" type="stmt"/>
        <line num="42" count="1" type="stmt"/>
        <line num="50" count="2" type="stmt"/>
        <line num="51" count="2" type="stmt"/>
        <line num="52" count="2" type="stmt"/>
        <line num="53" count="2" type="stmt"/>
        <line num="54" count="2" type="stmt"/>
        <line num="55" count="2" type="stmt"/>
      </file>
      <file name="memory-db.js" path="E:\Seneca Courses\Semester 6\CCP\fragmnets\src\model\data\memory\memory-db.js">
        <metrics statements="26" coveredstatements="26" conditionals="22" coveredconditionals="22" methods="6" coveredmethods="6"/>
        <line num="1" count="117" type="stmt"/>
        <line num="6" count="16" type="stmt"/>
        <line num="16" count="20" type="cond" truecount="4" falsecount="0"/>
        <line num="17" count="3" type="stmt"/>
        <line num="22" count="17" type="stmt"/>
        <line num="23" count="17" type="cond" truecount="2" falsecount="0"/>
        <line num="24" count="17" type="stmt"/>
        <line num="34" count="32" type="cond" truecount="4" falsecount="0"/>
        <line num="35" count="3" type="stmt"/>
        <line num="40" count="29" type="stmt"/>
        <line num="42" count="29" type="cond" truecount="2" falsecount="0"/>
        <line num="44" count="29" type="stmt"/>
        <line num="45" count="29" type="stmt"/>
        <line num="55" count="8" type="cond" truecount="2" falsecount="0"/>
        <line num="56" count="2" type="stmt"/>
        <line num="60" count="6" type="stmt"/>
        <line num="61" count="6" type="cond" truecount="2" falsecount="0"/>
        <line num="62" count="6" type="stmt"/>
        <line num="72" count="7" type="cond" truecount="4" falsecount="0"/>
        <line num="73" count="3" type="stmt"/>
        <line num="79" count="4" type="cond" truecount="2" falsecount="0"/>
        <line num="80" count="1" type="stmt"/>
        <line num="85" count="3" type="stmt"/>
        <line num="86" count="3" type="stmt"/>
        <line num="87" count="3" type="stmt"/>
        <line num="91" count="3" type="stmt"/>
      </file>
    </package>
    <package name="src.routes">
      <metrics statements="11" coveredstatements="11" conditionals="0" coveredconditionals="0" methods="1" coveredmethods="1"/>
      <file name="index.js" path="E:\Seneca Courses\Semester 6\CCP\fragmnets\src\routes\index.js">
        <metrics statements="11" coveredstatements="11" conditionals="0" coveredconditionals="0" methods="1" coveredmethods="1"/>
        <line num="3" count="3" type="stmt"/>
        <line num="6" count="3" type="stmt"/>
        <line num="9" count="3" type="stmt"/>
        <line num="11" count="3" type="stmt"/>
        <line num="14" count="3" type="stmt"/>
        <line num="20" count="3" type="stmt"/>
        <line num="26" count="3" type="stmt"/>
        <line num="28" count="4" type="stmt"/>
        <line num="29" count="4" type="stmt"/>
        <line num="31" count="4" type="stmt"/>
        <line num="34" count="3" type="stmt"/>
      </file>
    </package>
    <package name="src.routes.api">
      <metrics statements="8" coveredstatements="8" conditionals="0" coveredconditionals="0" methods="1" coveredmethods="1"/>
      <file name="get.js" path="E:\Seneca Courses\Semester 6\CCP\fragmnets\src\routes\api\get.js">
        <metrics statements="4" coveredstatements="4" conditionals="0" coveredconditionals="0" methods="1" coveredmethods="1"/>
        <line num="7" count="3" type="stmt"/>
        <line num="8" count="3" type="stmt"/>
        <line num="10" count="1" type="stmt"/>
        <line num="11" count="1" type="stmt"/>
      </file>
      <file name="index.js" path="E:\Seneca Courses\Semester 6\CCP\fragmnets\src\routes\api\index.js">
        <metrics statements="4" coveredstatements="4" conditionals="0" coveredconditionals="0" methods="0" coveredmethods="0"/>
        <line num="6" count="3" type="stmt"/>
        <line num="9" count="3" type="stmt"/>
        <line num="12" count="3" type="stmt"/>
        <line num="16" count="3" type="stmt"/>
      </file>
    </package>
  </project>
</coverage>
