{"E:\\Seneca Courses\\Semester 6\\CCP\\fragmnets\\src\\app.js": {"path":"E:\\Seneca Courses\\Semester 6\\CCP\\fragmnets\\src\\app.js","statementMap":{"0":{"start":{"line":3,"column":16},"end":{"line":3,"column":34}},"1":{"start":{"line":4,"column":13},"end":{"line":4,"column":28}},"2":{"start":{"line":5,"column":15},"end":{"line":5,"column":32}},"3":{"start":{"line":6,"column":20},"end":{"line":6,"column":42}},"4":{"start":{"line":7,"column":17},"end":{"line":7,"column":36}},"5":{"start":{"line":8,"column":21},"end":{"line":8,"column":38}},"6":{"start":{"line":13,"column":32},"end":{"line":13,"column":53}},"7":{"start":{"line":15,"column":15},"end":{"line":15,"column":34}},"8":{"start":{"line":16,"column":13},"end":{"line":19,"column":2}},"9":{"start":{"line":22,"column":12},"end":{"line":22,"column":21}},"10":{"start":{"line":25,"column":0},"end":{"line":25,"column":14}},"11":{"start":{"line":28,"column":0},"end":{"line":28,"column":18}},"12":{"start":{"line":31,"column":0},"end":{"line":31,"column":16}},"13":{"start":{"line":34,"column":0},"end":{"line":34,"column":23}},"14":{"start":{"line":37,"column":0},"end":{"line":37,"column":23}},"15":{"start":{"line":40,"column":0},"end":{"line":40,"column":38}},"16":{"start":{"line":41,"column":0},"end":{"line":41,"column":31}},"17":{"start":{"line":44,"column":0},"end":{"line":44,"column":34}},"18":{"start":{"line":47,"column":0},"end":{"line":55,"column":3}},"19":{"start":{"line":48,"column":2},"end":{"line":54,"column":5}},"20":{"start":{"line":59,"column":0},"end":{"line":76,"column":3}},"21":{"start":{"line":62,"column":17},"end":{"line":62,"column":34}},"22":{"start":{"line":63,"column":18},"end":{"line":63,"column":60}},"23":{"start":{"line":66,"column":2},"end":{"line":68,"column":3}},"24":{"start":{"line":67,"column":4},"end":{"line":67,"column":54}},"25":{"start":{"line":69,"column":16},"end":{"line":74,"column":3}},"26":{"start":{"line":75,"column":2},"end":{"line":75,"column":56}},"27":{"start":{"line":79,"column":0},"end":{"line":79,"column":21}}},"fnMap":{"0":{"name":"(anonymous_0)","decl":{"start":{"line":47,"column":8},"end":{"line":47,"column":9}},"loc":{"start":{"line":47,"column":22},"end":{"line":55,"column":1}},"line":47},"1":{"name":"(anonymous_1)","decl":{"start":{"line":59,"column":8},"end":{"line":59,"column":9}},"loc":{"start":{"line":59,"column":33},"end":{"line":76,"column":1}},"line":59}},"branchMap":{"0":{"loc":{"start":{"line":62,"column":17},"end":{"line":62,"column":34}},"type":"binary-expr","locations":[{"start":{"line":62,"column":17},"end":{"line":62,"column":27}},{"start":{"line":62,"column":31},"end":{"line":62,"column":34}}],"line":62},"1":{"loc":{"start":{"line":63,"column":18},"end":{"line":63,"column":60}},"type":"binary-expr","locations":[{"start":{"line":63,"column":18},"end":{"line":63,"column":29}},{"start":{"line":63,"column":33},"end":{"line":63,"column":60}}],"line":63},"2":{"loc":{"start":{"line":66,"column":2},"end":{"line":68,"column":3}},"type":"if","locations":[{"start":{"line":66,"column":2},"end":{"line":68,"column":3}},{"start":{},"end":{}}],"line":66}},"s":{"0":3,"1":3,"2":3,"3":3,"4":3,"5":3,"6":3,"7":3,"8":3,"9":3,"10":3,"11":3,"12":3,"13":3,"14":3,"15":3,"16":3,"17":3,"18":3,"19":1,"20":3,"21":0,"22":0,"23":0,"24":0,"25":0,"26":0,"27":3},"f":{"0":1,"1":0},"b":{"0":[0,0],"1":[0,0],"2":[0,0]},"_coverageSchema":"1a1c01bbd47fc00a2c39e90264f33305004495a9","hash":"1cbf0d3cebf50444958becf6a7e345c1cf7b937a"}
,"E:\\Seneca Courses\\Semester 6\\CCP\\fragmnets\\src\\logger.js": {"path":"E:\\Seneca Courses\\Semester 6\\CCP\\fragmnets\\src\\logger.js","statementMap":{"0":{"start":{"line":4,"column":16},"end":{"line":4,"column":58}},"1":{"start":{"line":7,"column":0},"end":{"line":15,"column":1}},"2":{"start":{"line":9,"column":2},"end":{"line":14,"column":4}},"3":{"start":{"line":19,"column":0},"end":{"line":19,"column":42}}},"fnMap":{},"branchMap":{"0":{"loc":{"start":{"line":4,"column":25},"end":{"line":4,"column":56}},"type":"binary-expr","locations":[{"start":{"line":4,"column":25},"end":{"line":4,"column":46}},{"start":{"line":4,"column":50},"end":{"line":4,"column":56}}],"line":4},"1":{"loc":{"start":{"line":7,"column":0},"end":{"line":15,"column":1}},"type":"if","locations":[{"start":{"line":7,"column":0},"end":{"line":15,"column":1}},{"start":{},"end":{}}],"line":7}},"s":{"0":3,"1":3,"2":0,"3":3},"f":{},"b":{"0":[3,0],"1":[0,3]},"_coverageSchema":"1a1c01bbd47fc00a2c39e90264f33305004495a9","hash":"2a2e28c685f4554f063c7fe59896ce644b80f4f0"}
,"E:\\Seneca Courses\\Semester 6\\CCP\\fragmnets\\src\\response.js": {"path":"E:\\Seneca Courses\\Semester 6\\CCP\\fragmnets\\src\\response.js","statementMap":{"0":{"start":{"line":11,"column":0},"end":{"line":18,"column":2}},"1":{"start":{"line":12,"column":2},"end":{"line":17,"column":4}},"2":{"start":{"line":31,"column":0},"end":{"line":39,"column":2}},"3":{"start":{"line":32,"column":2},"end":{"line":38,"column":4}}},"fnMap":{"0":{"name":"(anonymous_0)","decl":{"start":{"line":11,"column":39},"end":{"line":11,"column":40}},"loc":{"start":{"line":11,"column":55},"end":{"line":18,"column":1}},"line":11},"1":{"name":"(anonymous_1)","decl":{"start":{"line":31,"column":37},"end":{"line":31,"column":38}},"loc":{"start":{"line":31,"column":62},"end":{"line":39,"column":1}},"line":31}},"branchMap":{},"s":{"0":4,"1":7,"2":4,"3":1},"f":{"0":7,"1":1},"b":{},"_coverageSchema":"1a1c01bbd47fc00a2c39e90264f33305004495a9","hash":"ccfcfb3a0d672e4c69e1f85b796985c53e2bc224"}
,"E:\\Seneca Courses\\Semester 6\\CCP\\fragmnets\\src\\auth\\basic-auth.js": {"path":"E:\\Seneca Courses\\Semester 6\\CCP\\fragmnets\\src\\auth\\basic-auth.js","statementMap":{"0":{"start":{"line":6,"column":13},"end":{"line":6,"column":33}},"1":{"start":{"line":7,"column":17},"end":{"line":7,"column":36}},"2":{"start":{"line":8,"column":21},"end":{"line":8,"column":50}},"3":{"start":{"line":11,"column":0},"end":{"line":13,"column":1}},"4":{"start":{"line":12,"column":2},"end":{"line":12,"column":61}},"5":{"start":{"line":15,"column":0},"end":{"line":22,"column":4}},"6":{"start":{"line":18,"column":2},"end":{"line":22,"column":3}},"7":{"start":{"line":24,"column":0},"end":{"line":24,"column":86}},"8":{"start":{"line":24,"column":36},"end":{"line":24,"column":85}}},"fnMap":{"0":{"name":"(anonymous_0)","decl":{"start":{"line":15,"column":26},"end":{"line":15,"column":27}},"loc":{"start":{"line":18,"column":2},"end":{"line":22,"column":3}},"line":18},"1":{"name":"(anonymous_1)","decl":{"start":{"line":24,"column":30},"end":{"line":24,"column":31}},"loc":{"start":{"line":24,"column":36},"end":{"line":24,"column":85}},"line":24}},"branchMap":{"0":{"loc":{"start":{"line":11,"column":0},"end":{"line":13,"column":1}},"type":"if","locations":[{"start":{"line":11,"column":0},"end":{"line":13,"column":1}},{"start":{},"end":{}}],"line":11}},"s":{"0":3,"1":3,"2":3,"3":3,"4":0,"5":3,"6":3,"7":3,"8":3},"f":{"0":3,"1":3},"b":{"0":[0,3]},"_coverageSchema":"1a1c01bbd47fc00a2c39e90264f33305004495a9","hash":"e9df5727cd5ccb5c68d5598b07bf26bf16331bea"}
,"E:\\Seneca Courses\\Semester 6\\CCP\\fragmnets\\src\\auth\\index.js": {"path":"E:\\Seneca Courses\\Semester 6\\CCP\\fragmnets\\src\\auth\\index.js","statementMap":{"0":{"start":{"line":4,"column":0},"end":{"line":14,"column":1}},"1":{"start":{"line":5,"column":2},"end":{"line":5,"column":40}},"2":{"start":{"line":8,"column":5},"end":{"line":14,"column":1}},"3":{"start":{"line":9,"column":2},"end":{"line":9,"column":43}},"4":{"start":{"line":13,"column":2},"end":{"line":13,"column":76}}},"fnMap":{},"branchMap":{"0":{"loc":{"start":{"line":4,"column":0},"end":{"line":14,"column":1}},"type":"if","locations":[{"start":{"line":4,"column":0},"end":{"line":14,"column":1}},{"start":{"line":8,"column":5},"end":{"line":14,"column":1}}],"line":4},"1":{"loc":{"start":{"line":4,"column":4},"end":{"line":4,"column":72}},"type":"binary-expr","locations":[{"start":{"line":4,"column":4},"end":{"line":4,"column":35}},{"start":{"line":4,"column":39},"end":{"line":4,"column":72}}],"line":4},"2":{"loc":{"start":{"line":8,"column":5},"end":{"line":14,"column":1}},"type":"if","locations":[{"start":{"line":8,"column":5},"end":{"line":14,"column":1}},{"start":{"line":12,"column":5},"end":{"line":14,"column":1}}],"line":8},"3":{"loc":{"start":{"line":8,"column":9},"end":{"line":8,"column":71}},"type":"binary-expr","locations":[{"start":{"line":8,"column":9},"end":{"line":8,"column":34}},{"start":{"line":8,"column":38},"end":{"line":8,"column":71}}],"line":8}},"s":{"0":3,"1":0,"2":3,"3":3,"4":0},"f":{},"b":{"0":[0,3],"1":[3,0],"2":[3,0],"3":[3,3]},"_coverageSchema":"1a1c01bbd47fc00a2c39e90264f33305004495a9","hash":"bffd242f11cb6bed9cfedae6259726a84f9dabfa"}
,"E:\\Seneca Courses\\Semester 6\\CCP\\fragmnets\\src\\model\\data\\memory\\index.js": {"path":"E:\\Seneca Courses\\Semester 6\\CCP\\fragmnets\\src\\model\\data\\memory\\index.js","statementMap":{"0":{"start":{"line":1,"column":17},"end":{"line":1,"column":39}},"1":{"start":{"line":4,"column":13},"end":{"line":4,"column":27}},"2":{"start":{"line":5,"column":17},"end":{"line":5,"column":31}},"3":{"start":{"line":9,"column":2},"end":{"line":9,"column":63}},"4":{"start":{"line":14,"column":2},"end":{"line":14,"column":35}},"5":{"start":{"line":19,"column":2},"end":{"line":19,"column":39}},"6":{"start":{"line":24,"column":2},"end":{"line":24,"column":31}},"7":{"start":{"line":29,"column":20},"end":{"line":29,"column":49}},"8":{"start":{"line":32,"column":2},"end":{"line":34,"column":3}},"9":{"start":{"line":33,"column":4},"end":{"line":33,"column":21}},"10":{"start":{"line":37,"column":2},"end":{"line":37,"column":50}},"11":{"start":{"line":37,"column":37},"end":{"line":37,"column":48}},"12":{"start":{"line":42,"column":2},"end":{"line":47,"column":5}},"13":{"start":{"line":50,"column":0},"end":{"line":50,"column":45}},"14":{"start":{"line":51,"column":0},"end":{"line":51,"column":45}},"15":{"start":{"line":52,"column":0},"end":{"line":52,"column":43}},"16":{"start":{"line":53,"column":0},"end":{"line":53,"column":53}},"17":{"start":{"line":54,"column":0},"end":{"line":54,"column":51}},"18":{"start":{"line":55,"column":0},"end":{"line":55,"column":47}}},"fnMap":{"0":{"name":"writeFragment","decl":{"start":{"line":8,"column":9},"end":{"line":8,"column":22}},"loc":{"start":{"line":8,"column":33},"end":{"line":10,"column":1}},"line":8},"1":{"name":"readFragment","decl":{"start":{"line":13,"column":9},"end":{"line":13,"column":21}},"loc":{"start":{"line":13,"column":35},"end":{"line":15,"column":1}},"line":13},"2":{"name":"writeFragmentData","decl":{"start":{"line":18,"column":9},"end":{"line":18,"column":26}},"loc":{"start":{"line":18,"column":48},"end":{"line":20,"column":1}},"line":18},"3":{"name":"readFragmentData","decl":{"start":{"line":23,"column":9},"end":{"line":23,"column":25}},"loc":{"start":{"line":23,"column":39},"end":{"line":25,"column":1}},"line":23},"4":{"name":"listFragments","decl":{"start":{"line":28,"column":15},"end":{"line":28,"column":28}},"loc":{"start":{"line":28,"column":54},"end":{"line":38,"column":1}},"line":28},"5":{"name":"(anonymous_5)","decl":{"start":{"line":37,"column":23},"end":{"line":37,"column":24}},"loc":{"start":{"line":37,"column":37},"end":{"line":37,"column":48}},"line":37},"6":{"name":"deleteFragment","decl":{"start":{"line":41,"column":9},"end":{"line":41,"column":23}},"loc":{"start":{"line":41,"column":37},"end":{"line":48,"column":1}},"line":41}},"branchMap":{"0":{"loc":{"start":{"line":28,"column":38},"end":{"line":28,"column":52}},"type":"default-arg","locations":[{"start":{"line":28,"column":47},"end":{"line":28,"column":52}}],"line":28},"1":{"loc":{"start":{"line":32,"column":2},"end":{"line":34,"column":3}},"type":"if","locations":[{"start":{"line":32,"column":2},"end":{"line":34,"column":3}},{"start":{},"end":{}}],"line":32},"2":{"loc":{"start":{"line":32,"column":6},"end":{"line":32,"column":26}},"type":"binary-expr","locations":[{"start":{"line":32,"column":6},"end":{"line":32,"column":12}},{"start":{"line":32,"column":16},"end":{"line":32,"column":26}}],"line":32}},"s":{"0":1,"1":1,"2":1,"3":2,"4":1,"5":2,"6":1,"7":1,"8":1,"9":0,"10":1,"11":2,"12":0,"13":1,"14":1,"15":1,"16":1,"17":1,"18":1},"f":{"0":2,"1":1,"2":2,"3":1,"4":1,"5":2,"6":0},"b":{"0":[1],"1":[0,1],"2":[1,1]},"_coverageSchema":"1a1c01bbd47fc00a2c39e90264f33305004495a9","hash":"0706fc67ac149a4634a448eb8101caf6e7cc72de"}
,"E:\\Seneca Courses\\Semester 6\\CCP\\fragmnets\\src\\model\\data\\memory\\memory-db.js": {"path":"E:\\Seneca Courses\\Semester 6\\CCP\\fragmnets\\src\\model\\data\\memory\\memory-db.js","statementMap":{"0":{"start":{"line":1,"column":20},"end":{"line":1,"column":52}},"1":{"start":{"line":1,"column":29},"end":{"line":1,"column":52}},"2":{"start":{"line":6,"column":4},"end":{"line":6,"column":17}},"3":{"start":{"line":16,"column":4},"end":{"line":20,"column":5}},"4":{"start":{"line":17,"column":6},"end":{"line":19,"column":8}},"5":{"start":{"line":22,"column":15},"end":{"line":22,"column":22}},"6":{"start":{"line":23,"column":18},"end":{"line":23,"column":64}},"7":{"start":{"line":24,"column":4},"end":{"line":24,"column":34}},"8":{"start":{"line":34,"column":4},"end":{"line":38,"column":5}},"9":{"start":{"line":35,"column":6},"end":{"line":37,"column":8}},"10":{"start":{"line":40,"column":15},"end":{"line":40,"column":22}},"11":{"start":{"line":42,"column":4},"end":{"line":42,"column":42}},"12":{"start":{"line":44,"column":4},"end":{"line":44,"column":41}},"13":{"start":{"line":45,"column":4},"end":{"line":45,"column":29}},"14":{"start":{"line":55,"column":4},"end":{"line":57,"column":5}},"15":{"start":{"line":56,"column":6},"end":{"line":56,"column":85}},"16":{"start":{"line":60,"column":15},"end":{"line":60,"column":22}},"17":{"start":{"line":61,"column":19},"end":{"line":61,"column":70}},"18":{"start":{"line":62,"column":4},"end":{"line":62,"column":35}},"19":{"start":{"line":72,"column":4},"end":{"line":76,"column":5}},"20":{"start":{"line":73,"column":6},"end":{"line":75,"column":8}},"21":{"start":{"line":79,"column":4},"end":{"line":83,"column":5}},"22":{"start":{"line":80,"column":6},"end":{"line":82,"column":8}},"23":{"start":{"line":85,"column":15},"end":{"line":85,"column":22}},"24":{"start":{"line":86,"column":4},"end":{"line":86,"column":40}},"25":{"start":{"line":87,"column":4},"end":{"line":87,"column":29}},"26":{"start":{"line":91,"column":0},"end":{"line":91,"column":26}}},"fnMap":{"0":{"name":"(anonymous_0)","decl":{"start":{"line":1,"column":20},"end":{"line":1,"column":21}},"loc":{"start":{"line":1,"column":29},"end":{"line":1,"column":52}},"line":1},"1":{"name":"(anonymous_1)","decl":{"start":{"line":4,"column":2},"end":{"line":4,"column":3}},"loc":{"start":{"line":4,"column":16},"end":{"line":7,"column":3}},"line":4},"2":{"name":"(anonymous_2)","decl":{"start":{"line":15,"column":2},"end":{"line":15,"column":3}},"loc":{"start":{"line":15,"column":32},"end":{"line":25,"column":3}},"line":15},"3":{"name":"(anonymous_3)","decl":{"start":{"line":33,"column":2},"end":{"line":33,"column":3}},"loc":{"start":{"line":33,"column":39},"end":{"line":46,"column":3}},"line":33},"4":{"name":"(anonymous_4)","decl":{"start":{"line":54,"column":2},"end":{"line":54,"column":3}},"loc":{"start":{"line":54,"column":20},"end":{"line":63,"column":3}},"line":54},"5":{"name":"(anonymous_5)","decl":{"start":{"line":71,"column":2},"end":{"line":71,"column":3}},"loc":{"start":{"line":71,"column":38},"end":{"line":88,"column":3}},"line":71}},"branchMap":{"0":{"loc":{"start":{"line":16,"column":4},"end":{"line":20,"column":5}},"type":"if","locations":[{"start":{"line":16,"column":4},"end":{"line":20,"column":5}},{"start":{},"end":{}}],"line":16},"1":{"loc":{"start":{"line":16,"column":10},"end":{"line":16,"column":62}},"type":"binary-expr","locations":[{"start":{"line":16,"column":10},"end":{"line":16,"column":33}},{"start":{"line":16,"column":37},"end":{"line":16,"column":62}}],"line":16},"2":{"loc":{"start":{"line":23,"column":18},"end":{"line":23,"column":64}},"type":"binary-expr","locations":[{"start":{"line":23,"column":18},"end":{"line":23,"column":32}},{"start":{"line":23,"column":36},"end":{"line":23,"column":64}}],"line":23},"3":{"loc":{"start":{"line":34,"column":4},"end":{"line":38,"column":5}},"type":"if","locations":[{"start":{"line":34,"column":4},"end":{"line":38,"column":5}},{"start":{},"end":{}}],"line":34},"4":{"loc":{"start":{"line":34,"column":10},"end":{"line":34,"column":62}},"type":"binary-expr","locations":[{"start":{"line":34,"column":10},"end":{"line":34,"column":33}},{"start":{"line":34,"column":37},"end":{"line":34,"column":62}}],"line":34},"5":{"loc":{"start":{"line":42,"column":21},"end":{"line":42,"column":41}},"type":"binary-expr","locations":[{"start":{"line":42,"column":21},"end":{"line":42,"column":35}},{"start":{"line":42,"column":39},"end":{"line":42,"column":41}}],"line":42},"6":{"loc":{"start":{"line":55,"column":4},"end":{"line":57,"column":5}},"type":"if","locations":[{"start":{"line":55,"column":4},"end":{"line":57,"column":5}},{"start":{},"end":{}}],"line":55},"7":{"loc":{"start":{"line":61,"column":19},"end":{"line":61,"column":70}},"type":"cond-expr","locations":[{"start":{"line":61,"column":36},"end":{"line":61,"column":65}},{"start":{"line":61,"column":68},"end":{"line":61,"column":70}}],"line":61},"8":{"loc":{"start":{"line":72,"column":4},"end":{"line":76,"column":5}},"type":"if","locations":[{"start":{"line":72,"column":4},"end":{"line":76,"column":5}},{"start":{},"end":{}}],"line":72},"9":{"loc":{"start":{"line":72,"column":10},"end":{"line":72,"column":62}},"type":"binary-expr","locations":[{"start":{"line":72,"column":10},"end":{"line":72,"column":33}},{"start":{"line":72,"column":37},"end":{"line":72,"column":62}}],"line":72},"10":{"loc":{"start":{"line":79,"column":4},"end":{"line":83,"column":5}},"type":"if","locations":[{"start":{"line":79,"column":4},"end":{"line":83,"column":5}},{"start":{},"end":{}}],"line":79}},"s":{"0":2,"1":66,"2":14,"3":12,"4":3,"5":9,"6":9,"7":9,"8":18,"9":3,"10":15,"11":15,"12":15,"13":15,"14":5,"15":2,"16":3,"17":3,"18":3,"19":5,"20":3,"21":2,"22":1,"23":1,"24":1,"25":1,"26":2},"f":{"0":66,"1":14,"2":12,"3":18,"4":5,"5":5},"b":{"0":[3,9],"1":[12,9],"2":[9,8],"3":[3,15],"4":[18,15],"5":[15,9],"6":[2,3],"7":[2,1],"8":[3,2],"9":[5,2],"10":[1,1]},"_coverageSchema":"1a1c01bbd47fc00a2c39e90264f33305004495a9","hash":"957f860a40c2f39d9a3452fff0aaae15bc499724"}
,"E:\\Seneca Courses\\Semester 6\\CCP\\fragmnets\\src\\routes\\index.js": {"path":"E:\\Seneca Courses\\Semester 6\\CCP\\fragmnets\\src\\routes\\index.js","statementMap":{"0":{"start":{"line":3,"column":16},"end":{"line":3,"column":34}},"1":{"start":{"line":6,"column":28},"end":{"line":6,"column":57}},"2":{"start":{"line":9,"column":25},"end":{"line":9,"column":43}},"3":{"start":{"line":11,"column":34},"end":{"line":11,"column":56}},"4":{"start":{"line":14,"column":15},"end":{"line":14,"column":31}},"5":{"start":{"line":20,"column":0},"end":{"line":20,"column":52}},"6":{"start":{"line":26,"column":0},"end":{"line":32,"column":3}},"7":{"start":{"line":28,"column":2},"end":{"line":28,"column":45}},"8":{"start":{"line":29,"column":16},"end":{"line":29,"column":87}},"9":{"start":{"line":31,"column":2},"end":{"line":31,"column":55}},"10":{"start":{"line":34,"column":0},"end":{"line":34,"column":24}}},"fnMap":{"0":{"name":"(anonymous_0)","decl":{"start":{"line":26,"column":16},"end":{"line":26,"column":17}},"loc":{"start":{"line":26,"column":30},"end":{"line":32,"column":1}},"line":26}},"branchMap":{},"s":{"0":3,"1":3,"2":3,"3":3,"4":3,"5":3,"6":3,"7":4,"8":4,"9":4,"10":3},"f":{"0":4},"b":{},"_coverageSchema":"1a1c01bbd47fc00a2c39e90264f33305004495a9","hash":"3552b963f455410418b5100db22e01923cfaee34"}
,"E:\\Seneca Courses\\Semester 6\\CCP\\fragmnets\\src\\routes\\api\\get.js": {"path":"E:\\Seneca Courses\\Semester 6\\CCP\\fragmnets\\src\\routes\\api\\get.js","statementMap":{"0":{"start":{"line":7,"column":34},"end":{"line":7,"column":59}},"1":{"start":{"line":8,"column":0},"end":{"line":12,"column":2}},"2":{"start":{"line":10,"column":16},"end":{"line":10,"column":33}},"3":{"start":{"line":11,"column":2},"end":{"line":11,"column":55}}},"fnMap":{"0":{"name":"(anonymous_0)","decl":{"start":{"line":8,"column":17},"end":{"line":8,"column":18}},"loc":{"start":{"line":8,"column":31},"end":{"line":12,"column":1}},"line":8}},"branchMap":{},"s":{"0":3,"1":3,"2":1,"3":1},"f":{"0":1},"b":{},"_coverageSchema":"1a1c01bbd47fc00a2c39e90264f33305004495a9","hash":"2d018e0d8fc2e9c5580dcfdc540a5bbbbf05ef14"}
,"E:\\Seneca Courses\\Semester 6\\CCP\\fragmnets\\src\\routes\\api\\index.js": {"path":"E:\\Seneca Courses\\Semester 6\\CCP\\fragmnets\\src\\routes\\api\\index.js","statementMap":{"0":{"start":{"line":6,"column":16},"end":{"line":6,"column":34}},"1":{"start":{"line":9,"column":15},"end":{"line":9,"column":31}},"2":{"start":{"line":12,"column":0},"end":{"line":12,"column":43}},"3":{"start":{"line":16,"column":0},"end":{"line":16,"column":24}}},"fnMap":{},"branchMap":{},"s":{"0":3,"1":3,"2":3,"3":3},"f":{},"b":{},"_coverageSchema":"1a1c01bbd47fc00a2c39e90264f33305004495a9","hash":"cef77ac245c8bf1390fe6668d1bd24461bfb4d4d"}
}
