{"E:\\Seneca Courses\\Semester 6\\CCP\\fragmnets\\src\\app.js": {"path":"E:\\Seneca Courses\\Semester 6\\CCP\\fragmnets\\src\\app.js","statementMap":{"0":{"start":{"line":3,"column":16},"end":{"line":3,"column":34}},"1":{"start":{"line":4,"column":13},"end":{"line":4,"column":28}},"2":{"start":{"line":5,"column":15},"end":{"line":5,"column":32}},"3":{"start":{"line":6,"column":20},"end":{"line":6,"column":42}},"4":{"start":{"line":7,"column":17},"end":{"line":7,"column":36}},"5":{"start":{"line":8,"column":21},"end":{"line":8,"column":38}},"6":{"start":{"line":13,"column":15},"end":{"line":13,"column":34}},"7":{"start":{"line":14,"column":13},"end":{"line":17,"column":2}},"8":{"start":{"line":20,"column":12},"end":{"line":20,"column":21}},"9":{"start":{"line":23,"column":0},"end":{"line":23,"column":14}},"10":{"start":{"line":26,"column":0},"end":{"line":26,"column":18}},"11":{"start":{"line":29,"column":0},"end":{"line":29,"column":16}},"12":{"start":{"line":32,"column":0},"end":{"line":32,"column":23}},"13":{"start":{"line":35,"column":0},"end":{"line":35,"column":23}},"14":{"start":{"line":38,"column":0},"end":{"line":38,"column":38}},"15":{"start":{"line":39,"column":0},"end":{"line":39,"column":31}},"16":{"start":{"line":42,"column":0},"end":{"line":42,"column":34}},"17":{"start":{"line":45,"column":0},"end":{"line":53,"column":3}},"18":{"start":{"line":46,"column":2},"end":{"line":52,"column":5}},"19":{"start":{"line":57,"column":0},"end":{"line":75,"column":3}},"20":{"start":{"line":60,"column":17},"end":{"line":60,"column":34}},"21":{"start":{"line":61,"column":18},"end":{"line":61,"column":60}},"22":{"start":{"line":64,"column":2},"end":{"line":66,"column":3}},"23":{"start":{"line":65,"column":4},"end":{"line":65,"column":54}},"24":{"start":{"line":68,"column":2},"end":{"line":74,"column":5}},"25":{"start":{"line":78,"column":0},"end":{"line":78,"column":21}}},"fnMap":{"0":{"name":"(anonymous_0)","decl":{"start":{"line":45,"column":8},"end":{"line":45,"column":9}},"loc":{"start":{"line":45,"column":22},"end":{"line":53,"column":1}},"line":45},"1":{"name":"(anonymous_1)","decl":{"start":{"line":57,"column":8},"end":{"line":57,"column":9}},"loc":{"start":{"line":57,"column":33},"end":{"line":75,"column":1}},"line":57}},"branchMap":{"0":{"loc":{"start":{"line":60,"column":17},"end":{"line":60,"column":34}},"type":"binary-expr","locations":[{"start":{"line":60,"column":17},"end":{"line":60,"column":27}},{"start":{"line":60,"column":31},"end":{"line":60,"column":34}}],"line":60},"1":{"loc":{"start":{"line":61,"column":18},"end":{"line":61,"column":60}},"type":"binary-expr","locations":[{"start":{"line":61,"column":18},"end":{"line":61,"column":29}},{"start":{"line":61,"column":33},"end":{"line":61,"column":60}}],"line":61},"2":{"loc":{"start":{"line":64,"column":2},"end":{"line":66,"column":3}},"type":"if","locations":[{"start":{"line":64,"column":2},"end":{"line":66,"column":3}},{"start":{},"end":{}}],"line":64}},"s":{"0":3,"1":3,"2":3,"3":3,"4":3,"5":3,"6":3,"7":3,"8":3,"9":3,"10":3,"11":3,"12":3,"13":3,"14":3,"15":3,"16":3,"17":3,"18":1,"19":3,"20":0,"21":0,"22":0,"23":0,"24":0,"25":3},"f":{"0":1,"1":0},"b":{"0":[0,0],"1":[0,0],"2":[0,0]},"_coverageSchema":"1a1c01bbd47fc00a2c39e90264f33305004495a9","hash":"c278f15206d21a1aebaec6255dd465b9b6aeb4ef"}
,"E:\\Seneca Courses\\Semester 6\\CCP\\fragmnets\\src\\logger.js": {"path":"E:\\Seneca Courses\\Semester 6\\CCP\\fragmnets\\src\\logger.js","statementMap":{"0":{"start":{"line":4,"column":16},"end":{"line":4,"column":58}},"1":{"start":{"line":7,"column":0},"end":{"line":15,"column":1}},"2":{"start":{"line":9,"column":2},"end":{"line":14,"column":4}},"3":{"start":{"line":19,"column":0},"end":{"line":19,"column":42}}},"fnMap":{},"branchMap":{"0":{"loc":{"start":{"line":4,"column":25},"end":{"line":4,"column":56}},"type":"binary-expr","locations":[{"start":{"line":4,"column":25},"end":{"line":4,"column":46}},{"start":{"line":4,"column":50},"end":{"line":4,"column":56}}],"line":4},"1":{"loc":{"start":{"line":7,"column":0},"end":{"line":15,"column":1}},"type":"if","locations":[{"start":{"line":7,"column":0},"end":{"line":15,"column":1}},{"start":{},"end":{}}],"line":7}},"s":{"0":3,"1":3,"2":0,"3":3},"f":{},"b":{"0":[3,0],"1":[0,3]},"_coverageSchema":"1a1c01bbd47fc00a2c39e90264f33305004495a9","hash":"2a2e28c685f4554f063c7fe59896ce644b80f4f0"}
,"E:\\Seneca Courses\\Semester 6\\CCP\\fragmnets\\src\\response.js": {"path":"E:\\Seneca Courses\\Semester 6\\CCP\\fragmnets\\src\\response.js","statementMap":{"0":{"start":{"line":11,"column":0},"end":{"line":18,"column":2}},"1":{"start":{"line":12,"column":2},"end":{"line":17,"column":4}},"2":{"start":{"line":31,"column":0},"end":{"line":39,"column":2}},"3":{"start":{"line":32,"column":2},"end":{"line":38,"column":4}}},"fnMap":{"0":{"name":"(anonymous_0)","decl":{"start":{"line":11,"column":39},"end":{"line":11,"column":40}},"loc":{"start":{"line":11,"column":55},"end":{"line":18,"column":1}},"line":11},"1":{"name":"(anonymous_1)","decl":{"start":{"line":31,"column":37},"end":{"line":31,"column":38}},"loc":{"start":{"line":31,"column":62},"end":{"line":39,"column":1}},"line":31}},"branchMap":{},"s":{"0":1,"1":2,"2":1,"3":1},"f":{"0":2,"1":1},"b":{},"_coverageSchema":"1a1c01bbd47fc00a2c39e90264f33305004495a9","hash":"ccfcfb3a0d672e4c69e1f85b796985c53e2bc224"}
,"E:\\Seneca Courses\\Semester 6\\CCP\\fragmnets\\src\\auth\\basic-auth.js": {"path":"E:\\Seneca Courses\\Semester 6\\CCP\\fragmnets\\src\\auth\\basic-auth.js","statementMap":{"0":{"start":{"line":6,"column":13},"end":{"line":6,"column":33}},"1":{"start":{"line":7,"column":17},"end":{"line":7,"column":36}},"2":{"start":{"line":8,"column":21},"end":{"line":8,"column":50}},"3":{"start":{"line":11,"column":0},"end":{"line":13,"column":1}},"4":{"start":{"line":12,"column":2},"end":{"line":12,"column":61}},"5":{"start":{"line":15,"column":0},"end":{"line":22,"column":4}},"6":{"start":{"line":18,"column":2},"end":{"line":22,"column":3}},"7":{"start":{"line":24,"column":0},"end":{"line":24,"column":86}},"8":{"start":{"line":24,"column":36},"end":{"line":24,"column":85}}},"fnMap":{"0":{"name":"(anonymous_0)","decl":{"start":{"line":15,"column":26},"end":{"line":15,"column":27}},"loc":{"start":{"line":18,"column":2},"end":{"line":22,"column":3}},"line":18},"1":{"name":"(anonymous_1)","decl":{"start":{"line":24,"column":30},"end":{"line":24,"column":31}},"loc":{"start":{"line":24,"column":36},"end":{"line":24,"column":85}},"line":24}},"branchMap":{"0":{"loc":{"start":{"line":11,"column":0},"end":{"line":13,"column":1}},"type":"if","locations":[{"start":{"line":11,"column":0},"end":{"line":13,"column":1}},{"start":{},"end":{}}],"line":11}},"s":{"0":3,"1":3,"2":3,"3":3,"4":0,"5":3,"6":3,"7":3,"8":3},"f":{"0":3,"1":3},"b":{"0":[0,3]},"_coverageSchema":"1a1c01bbd47fc00a2c39e90264f33305004495a9","hash":"e9df5727cd5ccb5c68d5598b07bf26bf16331bea"}
,"E:\\Seneca Courses\\Semester 6\\CCP\\fragmnets\\src\\auth\\index.js": {"path":"E:\\Seneca Courses\\Semester 6\\CCP\\fragmnets\\src\\auth\\index.js","statementMap":{"0":{"start":{"line":4,"column":0},"end":{"line":14,"column":1}},"1":{"start":{"line":5,"column":2},"end":{"line":5,"column":40}},"2":{"start":{"line":8,"column":5},"end":{"line":14,"column":1}},"3":{"start":{"line":9,"column":2},"end":{"line":9,"column":43}},"4":{"start":{"line":13,"column":2},"end":{"line":13,"column":76}}},"fnMap":{},"branchMap":{"0":{"loc":{"start":{"line":4,"column":0},"end":{"line":14,"column":1}},"type":"if","locations":[{"start":{"line":4,"column":0},"end":{"line":14,"column":1}},{"start":{"line":8,"column":5},"end":{"line":14,"column":1}}],"line":4},"1":{"loc":{"start":{"line":4,"column":4},"end":{"line":4,"column":72}},"type":"binary-expr","locations":[{"start":{"line":4,"column":4},"end":{"line":4,"column":35}},{"start":{"line":4,"column":39},"end":{"line":4,"column":72}}],"line":4},"2":{"loc":{"start":{"line":8,"column":5},"end":{"line":14,"column":1}},"type":"if","locations":[{"start":{"line":8,"column":5},"end":{"line":14,"column":1}},{"start":{"line":12,"column":5},"end":{"line":14,"column":1}}],"line":8},"3":{"loc":{"start":{"line":8,"column":9},"end":{"line":8,"column":71}},"type":"binary-expr","locations":[{"start":{"line":8,"column":9},"end":{"line":8,"column":34}},{"start":{"line":8,"column":38},"end":{"line":8,"column":71}}],"line":8}},"s":{"0":3,"1":0,"2":3,"3":3,"4":0},"f":{},"b":{"0":[0,3],"1":[3,0],"2":[3,0],"3":[3,3]},"_coverageSchema":"1a1c01bbd47fc00a2c39e90264f33305004495a9","hash":"bffd242f11cb6bed9cfedae6259726a84f9dabfa"}
,"E:\\Seneca Courses\\Semester 6\\CCP\\fragmnets\\src\\routes\\index.js": {"path":"E:\\Seneca Courses\\Semester 6\\CCP\\fragmnets\\src\\routes\\index.js","statementMap":{"0":{"start":{"line":3,"column":16},"end":{"line":3,"column":34}},"1":{"start":{"line":6,"column":28},"end":{"line":6,"column":57}},"2":{"start":{"line":9,"column":25},"end":{"line":9,"column":43}},"3":{"start":{"line":12,"column":15},"end":{"line":12,"column":31}},"4":{"start":{"line":18,"column":0},"end":{"line":18,"column":52}},"5":{"start":{"line":24,"column":0},"end":{"line":35,"column":3}},"6":{"start":{"line":26,"column":2},"end":{"line":26,"column":45}},"7":{"start":{"line":28,"column":2},"end":{"line":34,"column":5}},"8":{"start":{"line":37,"column":0},"end":{"line":37,"column":24}}},"fnMap":{"0":{"name":"(anonymous_0)","decl":{"start":{"line":24,"column":16},"end":{"line":24,"column":17}},"loc":{"start":{"line":24,"column":30},"end":{"line":35,"column":1}},"line":24}},"branchMap":{},"s":{"0":3,"1":3,"2":3,"3":3,"4":3,"5":3,"6":4,"7":4,"8":3},"f":{"0":4},"b":{},"_coverageSchema":"1a1c01bbd47fc00a2c39e90264f33305004495a9","hash":"6f8076f9f46d2742aaf28ebb8e7937afe1e0c345"}
,"E:\\Seneca Courses\\Semester 6\\CCP\\fragmnets\\src\\routes\\api\\get.js": {"path":"E:\\Seneca Courses\\Semester 6\\CCP\\fragmnets\\src\\routes\\api\\get.js","statementMap":{"0":{"start":{"line":6,"column":0},"end":{"line":12,"column":2}},"1":{"start":{"line":8,"column":2},"end":{"line":11,"column":5}}},"fnMap":{"0":{"name":"(anonymous_0)","decl":{"start":{"line":6,"column":17},"end":{"line":6,"column":18}},"loc":{"start":{"line":6,"column":31},"end":{"line":12,"column":1}},"line":6}},"branchMap":{},"s":{"0":3,"1":1},"f":{"0":1},"b":{},"_coverageSchema":"1a1c01bbd47fc00a2c39e90264f33305004495a9","hash":"c5c095548a59c2a4cac0d8722a35d2e42dc4f81b"}
,"E:\\Seneca Courses\\Semester 6\\CCP\\fragmnets\\src\\routes\\api\\index.js": {"path":"E:\\Seneca Courses\\Semester 6\\CCP\\fragmnets\\src\\routes\\api\\index.js","statementMap":{"0":{"start":{"line":6,"column":16},"end":{"line":6,"column":34}},"1":{"start":{"line":9,"column":15},"end":{"line":9,"column":31}},"2":{"start":{"line":12,"column":0},"end":{"line":12,"column":43}},"3":{"start":{"line":16,"column":0},"end":{"line":16,"column":24}}},"fnMap":{},"branchMap":{},"s":{"0":3,"1":3,"2":3,"3":3},"f":{},"b":{},"_coverageSchema":"1a1c01bbd47fc00a2c39e90264f33305004495a9","hash":"cef77ac245c8bf1390fe6668d1bd24461bfb4d4d"}
}
