TN:
SF:src\app.js
FN:47,(anonymous_0)
FN:59,(anonymous_1)
FNF:2
FNH:1
FNDA:1,(anonymous_0)
FNDA:0,(anonymous_1)
DA:3,4
DA:4,4
DA:5,4
DA:6,4
DA:7,4
DA:8,4
DA:13,4
DA:15,4
DA:16,4
DA:22,4
DA:25,4
DA:28,4
DA:31,4
DA:34,4
DA:37,4
DA:40,4
DA:41,4
DA:44,4
DA:47,4
DA:48,1
DA:59,4
DA:62,0
DA:63,0
DA:66,0
DA:67,0
DA:69,0
DA:75,0
DA:79,4
LF:28
LH:22
BRDA:62,0,0,0
BRDA:62,0,1,0
BRDA:63,1,0,0
BRDA:63,1,1,0
BRDA:66,2,0,0
BRDA:66,2,1,0
BRF:6
BRH:0
end_of_record
TN:
SF:src\hash.js
FN:22,(anonymous_0)
FNF:1
FNH:1
FNDA:16,(anonymous_0)
DA:16,5
DA:22,16
LF:2
LH:2
BRF:0
BRH:0
end_of_record
TN:
SF:src\logger.js
FNF:0
FNH:0
DA:4,4
DA:7,4
DA:9,0
DA:19,4
LF:4
LH:3
BRDA:4,0,0,4
BRDA:4,0,1,0
BRDA:7,1,0,0
BRDA:7,1,1,4
BRF:4
BRH:2
end_of_record
TN:
SF:src\response.js
FN:11,(anonymous_0)
FN:31,(anonymous_1)
FNF:2
FNH:2
FNDA:14,(anonymous_0)
FNDA:6,(anonymous_1)
DA:11,5
DA:12,14
DA:31,5
DA:32,6
LF:4
LH:4
BRF:0
BRH:0
end_of_record
TN:
SF:src\auth\auth-middleware.js
FN:11,(anonymous_0)
FN:12,(anonymous_1)
FN:19,callback
FNF:3
FNH:3
FNDA:4,(anonymous_0)
FNDA:15,(anonymous_1)
FNDA:15,callback
DA:1,4
DA:3,4
DA:4,4
DA:5,4
DA:11,4
DA:12,4
DA:21,15
DA:22,0
DA:23,0
DA:27,15
DA:28,2
DA:32,13
DA:33,13
DA:36,13
DA:41,15
LF:15
LH:13
BRDA:21,0,0,0
BRDA:21,0,1,15
BRDA:27,1,0,2
BRDA:27,1,1,13
BRF:4
BRH:3
end_of_record
TN:
SF:src\auth\basic-auth.js
FN:16,(anonymous_0)
FN:25,(anonymous_1)
FNF:2
FNH:2
FNDA:4,(anonymous_0)
FNDA:4,(anonymous_1)
DA:6,4
DA:8,4
DA:9,4
DA:12,4
DA:13,0
DA:16,4
DA:19,4
DA:25,4
LF:8
LH:7
BRDA:12,0,0,0
BRDA:12,0,1,4
BRF:2
BRH:1
end_of_record
TN:
SF:src\auth\index.js
FNF:0
FNH:0
DA:4,4
DA:5,0
DA:8,4
DA:9,4
DA:13,0
LF:5
LH:3
BRDA:4,0,0,0
BRDA:4,0,1,4
BRDA:4,1,0,4
BRDA:4,1,1,0
BRDA:8,2,0,4
BRDA:8,2,1,0
BRDA:8,3,0,4
BRDA:8,3,1,4
BRF:8
BRH:5
end_of_record
TN:
SF:src\model\fragment.js
FN:18,(anonymous_0)
FN:48,(anonymous_1)
FN:58,(anonymous_2)
FN:72,(anonymous_3)
FN:80,(anonymous_4)
FN:89,(anonymous_5)
FN:98,(anonymous_6)
FN:113,(anonymous_7)
FN:122,(anonymous_8)
FN:131,(anonymous_9)
FN:143,(anonymous_10)
FNF:11
FNH:11
FNDA:36,(anonymous_0)
FNDA:6,(anonymous_1)
FNDA:10,(anonymous_2)
FNDA:1,(anonymous_3)
FNDA:11,(anonymous_4)
FNDA:3,(anonymous_5)
FNDA:12,(anonymous_6)
FNDA:6,(anonymous_7)
FNDA:2,(anonymous_8)
FNDA:1,(anonymous_9)
FNDA:46,(anonymous_10)
DA:3,5
DA:5,5
DA:15,5
DA:19,36
DA:20,2
DA:22,34
DA:23,1
DA:25,33
DA:26,1
DA:28,32
DA:29,1
DA:31,31
DA:32,1
DA:34,30
DA:35,30
DA:36,30
DA:37,30
DA:38,30
DA:39,30
DA:49,6
DA:59,10
DA:60,10
DA:61,3
DA:63,7
DA:73,1
DA:81,11
DA:82,11
DA:90,3
DA:99,12
DA:100,1
DA:102,11
DA:104,11
DA:105,11
DA:114,6
DA:115,6
DA:123,2
DA:124,2
DA:132,1
DA:133,1
DA:135,0
DA:144,46
DA:151,6
DA:154,40
DA:158,5
LF:44
LH:43
BRDA:18,0,0,2
BRDA:19,1,0,2
BRDA:19,1,1,34
BRDA:22,2,0,1
BRDA:22,2,1,33
BRDA:25,3,0,1
BRDA:25,3,1,32
BRDA:28,4,0,1
BRDA:28,4,1,31
BRDA:31,5,0,1
BRDA:31,5,1,30
BRDA:34,6,0,3
BRDA:34,6,1,27
BRDA:36,7,0,2
BRDA:36,7,1,28
BRDA:37,8,0,2
BRDA:37,8,1,28
BRDA:48,9,0,2
BRDA:60,10,0,3
BRDA:60,10,1,7
BRDA:99,11,0,1
BRDA:99,11,1,11
BRDA:132,12,0,1
BRDA:132,12,1,0
BRDA:144,13,0,6
BRDA:144,13,1,40
BRDA:145,14,0,46
BRDA:145,14,1,20
BRDA:145,14,2,15
BRDA:145,14,3,10
BRDA:145,14,4,8
BRF:31
BRH:30
end_of_record
TN:
SF:src\model\data\index.js
FNF:0
FNH:0
DA:5,5
LF:1
LH:1
BRDA:5,0,0,0
BRDA:5,0,1,5
BRF:2
BRH:1
end_of_record
TN:
SF:src\model\data\memory\index.js
FN:8,writeFragment
FN:13,readFragment
FN:18,writeFragmentData
FN:23,readFragmentData
FN:28,listFragments
FN:37,(anonymous_5)
FN:41,deleteFragment
FNF:7
FNH:7
FNDA:13,writeFragment
FNDA:11,readFragment
FNDA:13,writeFragmentData
FNDA:4,readFragmentData
FNDA:7,listFragments
FNDA:3,(anonymous_5)
FNDA:1,deleteFragment
DA:1,6
DA:4,6
DA:5,6
DA:9,13
DA:14,11
DA:19,13
DA:24,4
DA:29,7
DA:32,7
DA:33,3
DA:37,4
DA:42,1
DA:50,6
DA:51,6
DA:52,6
DA:53,6
DA:54,6
DA:55,6
LF:18
LH:18
BRDA:28,0,0,1
BRDA:32,1,0,3
BRDA:32,1,1,4
BRDA:32,2,0,7
BRDA:32,2,1,4
BRF:5
BRH:5
end_of_record
TN:
SF:src\model\data\memory\memory-db.js
FN:1,(anonymous_0)
FN:4,(anonymous_1)
FN:15,(anonymous_2)
FN:33,(anonymous_3)
FN:54,(anonymous_4)
FN:71,(anonymous_5)
FNF:6
FNH:6
FNDA:150,(anonymous_0)
FNDA:24,(anonymous_1)
FNDA:27,(anonymous_2)
FNDA:40,(anonymous_3)
FNDA:11,(anonymous_4)
FNDA:7,(anonymous_5)
DA:1,150
DA:6,24
DA:16,27
DA:17,3
DA:22,24
DA:23,24
DA:24,24
DA:34,40
DA:35,3
DA:40,37
DA:42,37
DA:44,37
DA:45,37
DA:55,11
DA:56,2
DA:60,9
DA:61,9
DA:62,9
DA:72,7
DA:73,3
DA:79,4
DA:80,1
DA:85,3
DA:86,3
DA:87,3
DA:91,7
LF:26
LH:26
BRDA:16,0,0,3
BRDA:16,0,1,24
BRDA:16,1,0,27
BRDA:16,1,1,24
BRDA:23,2,0,24
BRDA:23,2,1,23
BRDA:34,3,0,3
BRDA:34,3,1,37
BRDA:34,4,0,40
BRDA:34,4,1,37
BRDA:42,5,0,37
BRDA:42,5,1,21
BRDA:55,6,0,2
BRDA:55,6,1,9
BRDA:61,7,0,5
BRDA:61,7,1,4
BRDA:72,8,0,3
BRDA:72,8,1,4
BRDA:72,9,0,7
BRDA:72,9,1,4
BRDA:79,10,0,1
BRDA:79,10,1,3
BRF:22
BRH:22
end_of_record
TN:
SF:src\routes\index.js
FN:28,(anonymous_0)
FNF:1
FNH:1
FNDA:4,(anonymous_0)
DA:3,4
DA:6,4
DA:9,4
DA:11,4
DA:13,4
DA:16,4
DA:22,4
DA:28,4
DA:29,4
DA:30,4
DA:41,4
LF:11
LH:11
BRF:0
BRH:0
end_of_record
TN:
SF:src\routes\api\delete.js
FN:6,(anonymous_0)
FN:8,(anonymous_1)
FN:12,(anonymous_2)
FNF:3
FNH:0
FNDA:0,(anonymous_0)
FNDA:0,(anonymous_1)
FNDA:0,(anonymous_2)
DA:2,4
DA:3,4
DA:4,4
DA:6,4
DA:7,0
DA:9,0
DA:10,0
DA:13,0
DA:14,0
LF:9
LH:4
BRF:0
BRH:0
end_of_record
TN:
SF:src\routes\api\get.js
FN:11,(anonymous_0)
FN:15,(anonymous_1)
FN:25,(anonymous_2)
FN:31,(anonymous_3)
FN:50,(anonymous_4)
FN:55,(anonymous_5)
FN:58,(anonymous_6)
FN:61,(anonymous_7)
FNF:8
FNH:8
FNDA:3,(anonymous_0)
FNDA:3,(anonymous_1)
FNDA:3,(anonymous_2)
FNDA:2,(anonymous_3)
FNDA:1,(anonymous_4)
FNDA:2,(anonymous_5)
FNDA:1,(anonymous_6)
FNDA:1,(anonymous_7)
DA:6,4
DA:7,4
DA:8,4
DA:10,4
DA:11,4
DA:12,3
DA:13,3
DA:15,3
DA:16,3
DA:17,3
DA:18,3
DA:21,0
DA:25,4
DA:27,3
DA:30,3
DA:32,2
DA:33,2
DA:34,2
DA:37,2
DA:39,1
DA:41,1
DA:44,2
DA:45,2
DA:51,1
DA:55,4
DA:57,2
DA:59,1
DA:62,1
LF:28
LH:27
BRDA:13,0,0,2
BRDA:13,0,1,1
BRDA:37,1,0,1
BRDA:37,1,1,1
BRF:4
BRH:4
end_of_record
TN:
SF:src\routes\api\index.js
FN:19,(anonymous_0)
FN:23,(anonymous_1)
FNF:2
FNH:2
FNDA:4,(anonymous_0)
FNDA:5,(anonymous_1)
DA:6,4
DA:7,4
DA:8,4
DA:9,4
DA:11,4
DA:14,4
DA:15,4
DA:16,4
DA:19,4
DA:20,4
DA:27,5
DA:28,5
DA:34,4
DA:35,4
DA:37,4
LF:15
LH:15
BRF:0
BRH:0
end_of_record
TN:
SF:src\routes\api\post.js
FN:5,(anonymous_0)
FNF:1
FNH:1
FNDA:5,(anonymous_0)
DA:1,4
DA:2,4
DA:3,4
DA:5,4
DA:6,5
DA:8,5
DA:9,1
DA:12,4
DA:13,4
DA:15,4
DA:21,4
DA:22,4
DA:24,4
DA:27,4
DA:28,4
DA:29,4
DA:30,4
DA:32,0
LF:18
LH:17
BRDA:8,0,0,1
BRDA:8,0,1,4
BRF:2
BRH:2
end_of_record
