TN:
SF:src\app.js
FN:47,(anonymous_0)
FN:59,(anonymous_1)
FNF:2
FNH:1
FNDA:1,(anonymous_0)
FNDA:0,(anonymous_1)
DA:3,3
DA:4,3
DA:5,3
DA:6,3
DA:7,3
DA:8,3
DA:13,3
DA:15,3
DA:16,3
DA:22,3
DA:25,3
DA:28,3
DA:31,3
DA:34,3
DA:37,3
DA:40,3
DA:41,3
DA:44,3
DA:47,3
DA:48,1
DA:59,3
DA:62,0
DA:63,0
DA:66,0
DA:67,0
DA:69,0
DA:75,0
DA:79,3
LF:28
LH:22
BRDA:62,0,0,0
BRDA:62,0,1,0
BRDA:63,1,0,0
BRDA:63,1,1,0
BRDA:66,2,0,0
BRDA:66,2,1,0
BRF:6
BRH:0
end_of_record
TN:
SF:src\logger.js
FNF:0
FNH:0
DA:4,3
DA:7,3
DA:9,0
DA:19,3
LF:4
LH:3
BRDA:4,0,0,3
BRDA:4,0,1,0
BRDA:7,1,0,0
BRDA:7,1,1,3
BRF:4
BRH:2
end_of_record
TN:
SF:src\response.js
FN:11,(anonymous_0)
FN:31,(anonymous_1)
FNF:2
FNH:2
FNDA:7,(anonymous_0)
FNDA:1,(anonymous_1)
DA:11,4
DA:12,7
DA:31,4
DA:32,1
LF:4
LH:4
BRF:0
BRH:0
end_of_record
TN:
SF:src\auth\basic-auth.js
FN:15,(anonymous_0)
FN:24,(anonymous_1)
FNF:2
FNH:2
FNDA:3,(anonymous_0)
FNDA:3,(anonymous_1)
DA:6,3
DA:7,3
DA:8,3
DA:11,3
DA:12,0
DA:15,3
DA:18,3
DA:24,3
LF:8
LH:7
BRDA:11,0,0,0
BRDA:11,0,1,3
BRF:2
BRH:1
end_of_record
TN:
SF:src\auth\index.js
FNF:0
FNH:0
DA:4,3
DA:5,0
DA:8,3
DA:9,3
DA:13,0
LF:5
LH:3
BRDA:4,0,0,0
BRDA:4,0,1,3
BRDA:4,1,0,3
BRDA:4,1,1,0
BRDA:8,2,0,3
BRDA:8,2,1,0
BRDA:8,3,0,3
BRDA:8,3,1,3
BRF:8
BRH:5
end_of_record
TN:
SF:src\model\data\memory\index.js
FN:8,writeFragment
FN:13,readFragment
FN:18,writeFragmentData
FN:23,readFragmentData
FN:28,listFragments
FN:37,(anonymous_5)
FN:41,deleteFragment
FNF:7
FNH:6
FNDA:2,writeFragment
FNDA:1,readFragment
FNDA:2,writeFragmentData
FNDA:1,readFragmentData
FNDA:1,listFragments
FNDA:2,(anonymous_5)
FNDA:0,deleteFragment
DA:1,1
DA:4,1
DA:5,1
DA:9,2
DA:14,1
DA:19,2
DA:24,1
DA:29,1
DA:32,1
DA:33,0
DA:37,2
DA:42,0
DA:50,1
DA:51,1
DA:52,1
DA:53,1
DA:54,1
DA:55,1
LF:18
LH:16
BRDA:28,0,0,1
BRDA:32,1,0,0
BRDA:32,1,1,1
BRDA:32,2,0,1
BRDA:32,2,1,1
BRF:5
BRH:4
end_of_record
TN:
SF:src\model\data\memory\memory-db.js
FN:1,(anonymous_0)
FN:4,(anonymous_1)
FN:15,(anonymous_2)
FN:33,(anonymous_3)
FN:54,(anonymous_4)
FN:71,(anonymous_5)
FNF:6
FNH:6
FNDA:66,(anonymous_0)
FNDA:14,(anonymous_1)
FNDA:12,(anonymous_2)
FNDA:18,(anonymous_3)
FNDA:5,(anonymous_4)
FNDA:5,(anonymous_5)
DA:1,66
DA:6,14
DA:16,12
DA:17,3
DA:22,9
DA:23,9
DA:24,9
DA:34,18
DA:35,3
DA:40,15
DA:42,15
DA:44,15
DA:45,15
DA:55,5
DA:56,2
DA:60,3
DA:61,3
DA:62,3
DA:72,5
DA:73,3
DA:79,2
DA:80,1
DA:85,1
DA:86,1
DA:87,1
DA:91,2
LF:26
LH:26
BRDA:16,0,0,3
BRDA:16,0,1,9
BRDA:16,1,0,12
BRDA:16,1,1,9
BRDA:23,2,0,9
BRDA:23,2,1,8
BRDA:34,3,0,3
BRDA:34,3,1,15
BRDA:34,4,0,18
BRDA:34,4,1,15
BRDA:42,5,0,15
BRDA:42,5,1,9
BRDA:55,6,0,2
BRDA:55,6,1,3
BRDA:61,7,0,2
BRDA:61,7,1,1
BRDA:72,8,0,3
BRDA:72,8,1,2
BRDA:72,9,0,5
BRDA:72,9,1,2
BRDA:79,10,0,1
BRDA:79,10,1,1
BRF:22
BRH:22
end_of_record
TN:
SF:src\routes\index.js
FN:26,(anonymous_0)
FNF:1
FNH:1
FNDA:4,(anonymous_0)
DA:3,3
DA:6,3
DA:9,3
DA:11,3
DA:14,3
DA:20,3
DA:26,3
DA:28,4
DA:29,4
DA:31,4
DA:34,3
LF:11
LH:11
BRF:0
BRH:0
end_of_record
TN:
SF:src\routes\api\get.js
FN:8,(anonymous_0)
FNF:1
FNH:1
FNDA:1,(anonymous_0)
DA:7,3
DA:8,3
DA:10,1
DA:11,1
LF:4
LH:4
BRF:0
BRH:0
end_of_record
TN:
SF:src\routes\api\index.js
FNF:0
FNH:0
DA:6,3
DA:9,3
DA:12,3
DA:16,3
LF:4
LH:4
BRF:0
BRH:0
end_of_record
